<?xml version="1.0" encoding="UTF-8"?>
<!-- Generated by org.testng.reporters.JUnitReportReporter -->
<testsuite hostname="DESKTOP-M1CC6VJ" failures="0" tests="2" name="WaitersTest" time="16.182" errors="0" timestamp="2022-09-02T13:34:17 EEST" skipped="0">
  <testcase classname="WaitersTest" name="waitersTest" time="12.227"/>
  <system-out/>
  <testcase classname="WaitersTest" name="waitersTest2" time="3.955"/>
  <system-out/>
</testsuite> <!-- WaitersTest -->
