<?xml version="1.0" encoding="UTF-8"?>
<!-- Generated by org.testng.reporters.JUnitReportReporter -->
<testsuite hostname="DESKTOP-M1CC6VJ" failures="0" tests="2" name="UploadDownloadTest" time="12.965" errors="0" timestamp="2022-09-02T13:34:14 EEST" skipped="0">
  <testcase classname="UploadDownloadTest" name="downloadTest" time="12.019"/>
  <system-out/>
  <testcase classname="UploadDownloadTest" name="uploadTest" time="0.946"/>
  <system-out/>
</testsuite> <!-- UploadDownloadTest -->
