<?xml version="1.0" encoding="UTF-8"?>
<!-- Generated by org.testng.reporters.JUnitReportReporter -->
<testsuite hostname="DESKTOP-M1CC6VJ" failures="0" tests="2" name="WebElementsTest" time="5.678" errors="0" timestamp="2022-09-02T13:34:17 EEST" skipped="0">
  <testcase classname="WebElementsTest" name="dropDownTest" time="3.647"/>
  <system-out/>
  <testcase classname="WebElementsTest" name="inputElementTest" time="2.031"/>
  <system-out/>
</testsuite> <!-- WebElementsTest -->
