<?xml version="1.0" encoding="UTF-8"?>
<!-- Generated by org.testng.reporters.JUnitReportReporter -->
<testsuite hostname="DESKTOP-M1CC6VJ" failures="0" tests="1" name="TableTest" time="10.321" errors="0" timestamp="2022-09-02T13:34:11 EEST" skipped="0">
  <testcase classname="TableTest" name="tableTest" time="10.321"/>
  <system-out/>
</testsuite> <!-- TableTest -->
