<?xml version="1.0" encoding="UTF-8"?>
<!-- Generated by org.testng.reporters.JUnitReportReporter -->
<testsuite hostname="DESKTOP-M1CC6VJ" failures="0" tests="2" name="ActionsTest" time="17.539" errors="0" timestamp="2022-09-02T13:34:18 EEST" skipped="0">
  <testcase classname="ActionsTest" name="dragAndDropTest" time="12.645"/>
  <system-out/>
  <testcase classname="ActionsTest" name="dragAndDropTest1" time="4.894"/>
  <system-out/>
</testsuite> <!-- ActionsTest -->
